DEBUG 2024-06-30 23:37:35,340 api Received signup data: <QueryDict: {'username': ['meena'], 'password': ['1Password']}>
INFO 2024-06-30 23:37:35,340 api Login attempt from IP: 127.0.0.1, User Agent: PostmanRuntime/7.39.0
DEBUG 2024-06-30 23:39:38,151 api Received signup data: <QueryDict: {'first_name': ['muhammad'], 'last_name': ['muhsin'], 'email': ['muhsy@example.com'], 'password': ['1Password'], 'confirm_password': ['11111']}>
ERROR 2024-06-30 23:39:38,155 api Signup failed: Passwords do not match.
DEBUG 2024-06-30 23:39:53,383 api Received signup data: <QueryDict: {'first_name': ['muhammad'], 'last_name': ['muhsin'], 'email': ['muhsyexample.com'], 'password': ['1Password'], 'confirm_password': ['1Password']}>
ERROR 2024-06-30 23:39:53,391 api Signup failed: Invalid email format.
DEBUG 2024-06-30 23:40:23,097 api Received signup data: <QueryDict: {'first_name': ['muhammad'], 'last_name': ['muhsin'], 'email': ['muhsy@example.com'], 'password': ['1Password'], 'confirm_password': ['1Password']}>
ERROR 2024-06-30 23:40:23,105 api Signup failed: {'username': [ErrorDetail(string='This field is required.', code='required')]}
DEBUG 2024-06-30 23:40:38,288 api Received signup data: <QueryDict: {'first_name': ['muhammad'], 'last_name': ['muhsin'], 'email': ['muhsy@example.com'], 'password': ['1Password'], 'confirm_password': ['1Password'], 'username': ['meena']}>
ERROR 2024-06-30 23:40:38,288 api Signup failed: Username already exists.
DEBUG 2024-06-30 23:40:45,061 api Received signup data: <QueryDict: {'first_name': ['muhammad'], 'last_name': ['muhsin'], 'email': ['muhsy@example.com'], 'password': ['1Password'], 'confirm_password': ['1Password'], 'username': ['muhsy']}>
INFO 2024-06-30 23:40:45,585 api User muhsy signed up successfully.
DEBUG 2024-06-30 23:41:28,235 api Received signup data: <QueryDict: {'username': ['muhsy'], 'password': ['1Password']}>
INFO 2024-06-30 23:41:28,235 api Login attempt from IP: 127.0.0.1, User Agent: PostmanRuntime/7.39.0
INFO 2024-06-30 23:41:52,544 api User muhsy logged out successfully.
DEBUG 2024-06-30 23:42:04,063 api Received signup data: <QueryDict: {'username': ['muhsy'], 'password': ['1Password']}>
INFO 2024-06-30 23:42:04,063 api Login attempt from IP: 127.0.0.1, User Agent: PostmanRuntime/7.39.0
DEBUG 2024-06-30 23:42:40,040 api Received signup data: <QueryDict: {'username': ['muhsy'], 'password': ['1Pass']}>
INFO 2024-06-30 23:42:40,040 api Login attempt from IP: 127.0.0.1, User Agent: PostmanRuntime/7.39.0
ERROR 2024-06-30 23:42:40,521 api Login failed: Incorrect password.
DEBUG 2024-06-30 23:42:41,780 api Received signup data: <QueryDict: {'username': ['muhsy'], 'password': ['1Pass']}>
INFO 2024-06-30 23:42:41,780 api Login attempt from IP: 127.0.0.1, User Agent: PostmanRuntime/7.39.0
ERROR 2024-06-30 23:42:42,289 api Login failed: Incorrect password.
DEBUG 2024-06-30 23:42:43,414 api Received signup data: <QueryDict: {'username': ['muhsy'], 'password': ['1Pass']}>
INFO 2024-06-30 23:42:43,414 api Login attempt from IP: 127.0.0.1, User Agent: PostmanRuntime/7.39.0
ERROR 2024-06-30 23:42:43,908 api Login failed: Incorrect password.
DEBUG 2024-06-30 23:42:45,080 api Received signup data: <QueryDict: {'username': ['muhsy'], 'password': ['1Pass']}>
INFO 2024-06-30 23:42:45,085 api Login attempt from IP: 127.0.0.1, User Agent: PostmanRuntime/7.39.0
ERROR 2024-06-30 23:42:45,572 api Login failed: Incorrect password.
DEBUG 2024-06-30 23:42:46,678 api Received signup data: <QueryDict: {'username': ['muhsy'], 'password': ['1Pass']}>
INFO 2024-06-30 23:42:46,678 api Login attempt from IP: 127.0.0.1, User Agent: PostmanRuntime/7.39.0
ERROR 2024-06-30 23:42:47,202 api Login failed: Incorrect password.
INFO 2024-06-30 23:51:55,818 views User meena logged in successfully.
DEBUG 2024-06-30 23:55:57,082 api Received signup data: <QueryDict: {'username': ['muhsy'], 'password': ['1Pass']}>
ERROR 2024-06-30 23:55:57,581 api Login failed: Incorrect password.
DEBUG 2024-06-30 23:56:09,692 api Received signup data: <QueryDict: {'username': ['muhsy'], 'password': ['1Password']}>
INFO 2024-06-30 23:56:10,302 api User muhsy logged in successfully.
DEBUG 2024-07-01 00:11:32,360 api Received signup data: <QueryDict: {'username': ['muhsy'], 'password': ['1Password']}>
INFO 2024-07-01 00:11:32,910 api User muhsy logged in successfully.
DEBUG 2024-07-01 00:22:06,038 api Received signup data: <QueryDict: {'username': ['muhsy'], 'password': ['1Password']}>
INFO 2024-07-01 00:22:06,521 api User muhsy logged in successfully.
DEBUG 2024-07-01 00:22:13,500 api Received signup data: <QueryDict: {'username': ['muhsy'], 'password': ['1Passwordww']}>
ERROR 2024-07-01 00:22:13,982 api Login failed: Incorrect password.
DEBUG 2024-07-01 00:23:06,510 api Received signup data: <QueryDict: {'first_name': ['muhammad'], 'last_name': ['muhsin'], 'email': ['muhsy@example.com'], 'password': ['qqq'], 'confirm_password': ['qqq'], 'username': ['muhsy']}>
ERROR 2024-07-01 00:23:06,510 api Signup failed: Password must be at least 8 characters long.
DEBUG 2024-07-01 00:23:12,278 api Received signup data: <QueryDict: {'first_name': ['muhammad'], 'last_name': ['muhsin'], 'email': ['muhsy@example.com'], 'password': ['qqq'], 'confirm_password': ['qqq'], 'username': ['muhsy']}>
ERROR 2024-07-01 00:23:12,278 api Signup failed: Password must be at least 8 characters long.
DEBUG 2024-07-01 00:23:33,913 api Received signup data: <QueryDict: {'first_name': ['muhammad'], 'last_name': ['muhsinww'], 'email': ['muhsy@example.com'], 'password': ['1Password'], 'confirm_password': ['1Password'], 'username': ['muhsy']}>
ERROR 2024-07-01 00:23:33,918 api Signup failed: Username already exists.
DEBUG 2024-07-01 00:23:41,192 api Received signup data: <QueryDict: {'first_name': ['muhammad'], 'last_name': ['muhsinww'], 'email': ['muhsy@example.com'], 'password': ['1Password'], 'confirm_password': ['1Password'], 'username': ['muhsy2']}>
ERROR 2024-07-01 00:23:41,192 api Signup failed: Email already exists.
DEBUG 2024-07-01 00:23:49,295 api Received signup data: <QueryDict: {'first_name': ['muhammad'], 'last_name': ['muhsinww'], 'email': ['muhsy2@example.com'], 'password': ['1Password'], 'confirm_password': ['1Password'], 'username': ['muhsy2']}>
INFO 2024-07-01 00:23:49,830 api User muhsy2 signed up successfully.
INFO 2024-07-01 00:24:06,955 api User muhsy2 logged out successfully.
DEBUG 2024-07-01 00:24:23,458 api Received signup data: <QueryDict: {'first_name': ['muhammad'], 'last_name': ['muhsinww'], 'email': ['muhsy2@example.com'], 'password': ['1Password'], 'confirm_password': ['1Password'], 'username': ['muhsy2']}>
ERROR 2024-07-01 00:24:23,466 api Signup failed: Username already exists.
INFO 2024-07-01 02:24:52,213 views User meena logged in successfully.
INFO 2024-06-30 21:22:47,385 views User meena logged in successfully.
INFO 2024-07-01 02:58:51,869 views User meena logged in successfully.
INFO 2024-06-30 21:42:22,458 views User meena logged in successfully.
